  pointer.c
D:\git_ming\get-certified\C\source\repos\NadoCoding\NadoCoding\pointer.c(19,9): warning C4477: 'printf' : 서식 문자열 '%d'에 'int' 형식의 인수가 필요하지만 variadic 인수 1의 형식이 'int *'입니다.
D:\git_ming\get-certified\C\source\repos\NadoCoding\NadoCoding\pointer.c(19,9): warning C4313: 'printf': 서식 문자열의 '%d'이(가) 인수 1('int *' 형식)과(와) 충돌합니다.
D:\git_ming\get-certified\C\source\repos\NadoCoding\NadoCoding\pointer.c(20,9): warning C4477: 'printf' : 서식 문자열 '%d'에 'int' 형식의 인수가 필요하지만 variadic 인수 1의 형식이 'int *'입니다.
D:\git_ming\get-certified\C\source\repos\NadoCoding\NadoCoding\pointer.c(20,9): warning C4313: 'printf': 서식 문자열의 '%d'이(가) 인수 1('int *' 형식)과(와) 충돌합니다.
D:\git_ming\get-certified\C\source\repos\NadoCoding\NadoCoding\pointer.c(21,9): warning C4477: 'printf' : 서식 문자열 '%d'에 'int' 형식의 인수가 필요하지만 variadic 인수 1의 형식이 'int *'입니다.
D:\git_ming\get-certified\C\source\repos\NadoCoding\NadoCoding\pointer.c(21,9): warning C4313: 'printf': 서식 문자열의 '%d'이(가) 인수 1('int *' 형식)과(와) 충돌합니다.
D:\git_ming\get-certified\C\source\repos\NadoCoding\NadoCoding\pointer.c(26,9): warning C4477: 'printf' : 서식 문자열 '%d'에 'int' 형식의 인수가 필요하지만 variadic 인수 1의 형식이 'int *'입니다.
D:\git_ming\get-certified\C\source\repos\NadoCoding\NadoCoding\pointer.c(26,9): warning C4313: 'printf': 서식 문자열의 '%d'이(가) 인수 1('int *' 형식)과(와) 충돌합니다.
D:\git_ming\get-certified\C\source\repos\NadoCoding\NadoCoding\pointer.c(29,9): warning C4477: 'printf' : 서식 문자열 '%d'에 'int' 형식의 인수가 필요하지만 variadic 인수 1의 형식이 'int *'입니다.
D:\git_ming\get-certified\C\source\repos\NadoCoding\NadoCoding\pointer.c(29,9): warning C4313: 'printf': 서식 문자열의 '%d'이(가) 인수 1('int *' 형식)과(와) 충돌합니다.
D:\git_ming\get-certified\C\source\repos\NadoCoding\NadoCoding\pointer.c(32,9): warning C4477: 'printf' : 서식 문자열 '%d'에 'int' 형식의 인수가 필요하지만 variadic 인수 1의 형식이 'int *'입니다.
D:\git_ming\get-certified\C\source\repos\NadoCoding\NadoCoding\pointer.c(32,9): warning C4313: 'printf': 서식 문자열의 '%d'이(가) 인수 1('int *' 형식)과(와) 충돌합니다.
D:\git_ming\get-certified\C\source\repos\NadoCoding\NadoCoding\pointer.c(37,9): warning C4477: 'printf' : 서식 문자열 '%d'에 'int' 형식의 인수가 필요하지만 variadic 인수 1의 형식이 'int *'입니다.
D:\git_ming\get-certified\C\source\repos\NadoCoding\NadoCoding\pointer.c(37,9): warning C4313: 'printf': 서식 문자열의 '%d'이(가) 인수 1('int *' 형식)과(와) 충돌합니다.
D:\git_ming\get-certified\C\source\repos\NadoCoding\NadoCoding\pointer.c(41,9): warning C4477: 'printf' : 서식 문자열 '%d'에 'int' 형식의 인수가 필요하지만 variadic 인수 1의 형식이 'int *'입니다.
D:\git_ming\get-certified\C\source\repos\NadoCoding\NadoCoding\pointer.c(41,9): warning C4313: 'printf': 서식 문자열의 '%d'이(가) 인수 1('int *' 형식)과(와) 충돌합니다.
D:\git_ming\get-certified\C\source\repos\NadoCoding\NadoCoding\pointer.c(45,9): warning C4477: 'printf' : 서식 문자열 '%d'에 'int' 형식의 인수가 필요하지만 variadic 인수 1의 형식이 'int *'입니다.
D:\git_ming\get-certified\C\source\repos\NadoCoding\NadoCoding\pointer.c(45,9): warning C4313: 'printf': 서식 문자열의 '%d'이(가) 인수 1('int *' 형식)과(와) 충돌합니다.
D:\git_ming\get-certified\C\source\repos\NadoCoding\NadoCoding\pointer.c(55,9): warning C4477: 'printf' : 서식 문자열 '%d'에 'int' 형식의 인수가 필요하지만 variadic 인수 1의 형식이 'int *'입니다.
D:\git_ming\get-certified\C\source\repos\NadoCoding\NadoCoding\pointer.c(55,9): warning C4313: 'printf': 서식 문자열의 '%d'이(가) 인수 1('int *' 형식)과(와) 충돌합니다.
D:\git_ming\get-certified\C\source\repos\NadoCoding\NadoCoding\pointer.c(59,9): warning C4477: 'printf' : 서식 문자열 '%d'에 'int' 형식의 인수가 필요하지만 variadic 인수 1의 형식이 'int *'입니다.
D:\git_ming\get-certified\C\source\repos\NadoCoding\NadoCoding\pointer.c(59,9): warning C4313: 'printf': 서식 문자열의 '%d'이(가) 인수 1('int *' 형식)과(와) 충돌합니다.
D:\git_ming\get-certified\C\source\repos\NadoCoding\NadoCoding\pointer.c(63,9): warning C4477: 'printf' : 서식 문자열 '%d'에 'int' 형식의 인수가 필요하지만 variadic 인수 1의 형식이 'int *'입니다.
D:\git_ming\get-certified\C\source\repos\NadoCoding\NadoCoding\pointer.c(63,9): warning C4313: 'printf': 서식 문자열의 '%d'이(가) 인수 1('int *' 형식)과(와) 충돌합니다.
D:\git_ming\get-certified\C\source\repos\NadoCoding\NadoCoding\pointer.c(66,9): warning C4477: 'printf' : 서식 문자열 '%d'에 'int' 형식의 인수가 필요하지만 variadic 인수 1의 형식이 'int **'입니다.
D:\git_ming\get-certified\C\source\repos\NadoCoding\NadoCoding\pointer.c(66,9): warning C4313: 'printf': 서식 문자열의 '%d'이(가) 인수 1('int **' 형식)과(와) 충돌합니다.
D:\git_ming\get-certified\C\source\repos\NadoCoding\NadoCoding\pointer.c(67,9): warning C4477: 'printf' : 서식 문자열 '%d'에 'int' 형식의 인수가 필요하지만 variadic 인수 1의 형식이 'int **'입니다.
D:\git_ming\get-certified\C\source\repos\NadoCoding\NadoCoding\pointer.c(67,9): warning C4313: 'printf': 서식 문자열의 '%d'이(가) 인수 1('int **' 형식)과(와) 충돌합니다.
  NadoCoding.vcxproj -> D:\git_ming\get-certified\C\source\repos\NadoCoding\x64\Debug\NadoCoding.exe
